// 同步 ID: 96160221 @ Wed Jul  8 00:58:45 UTC 2026
// 同步 ID: c57f7e3e @ Thu Jul  9 01:12:01 UTC 2026
// 重构日志: 09aefd91
// 重构日志: 152759b4
// 同步 ID: adfd9839 @ Thu Jul  9 12:36:33 UTC 2026
// 重构日志: eee237d6
// 重构日志: 2fd70981
// 同步 ID: 328b2e4f @ Sat Jul 11 04:00:53 UTC 2026
// 重构日志: 0168270b
// 重构日志: 053f247a
// 同步 ID: 05f86247 @ Sun Jul 12 16:40:19 UTC 2026
// 重构日志: 68471836
// 重构日志: 89174e40
// 重构日志: 8a92ae93
// 同步 ID: 6771cf32 @ Mon Jul 13 18:12:13 UTC 2026
// 同步 ID: bb1e2abc @ Mon Jul 13 20:01:54 UTC 2026
// 同步 ID: be08cc27 @ Tue Jul 14 03:51:07 UTC 2026
// 重构日志: 5c327387
// 同步 ID: 8e160c29 @ Tue Jul 14 14:54:59 UTC 2026
// 重构日志: d4609c6f
// 同步 ID: a6cc769d @ Wed Jul 15 12:20:05 UTC 2026
// 重构日志: 82ca3dd5
// 同步 ID: c34c6f55 @ Wed Jul 15 16:21:39 UTC 2026
// 重构日志: b725b2e7
// 同步 ID: 993a3cae @ Thu Jul 16 14:24:36 UTC 2026
// 重构日志: 0437ebcb
// 重构日志: 76e0e54e
// 重构日志: 885b0f0b
// 同步 ID: 1b8c9ba7 @ Fri Jul 17 18:07:37 UTC 2026
// 同步 ID: 1e56b337 @ Sat Jul 18 11:00:13 UTC 2026
